app/build/outputs/logs/manifest-merger-debug-report.txt
-- Merging decision tree log ---
manifest
ADDED from src\main\AndroidManifest.xml:2:1-93:12
	package
		ADDED from src\main\AndroidManifest.xml:3:5-30
		INJECTED from src\main\AndroidManifest.xml
		INJECTED from src\main\AndroidManifest.xml
	android:versionName
		ADDED from src\main\AndroidManifest.xml:5:5-30
		INJECTED from src\main\AndroidManifest.xml
		INJECTED from src\main\AndroidManifest.xml
	android:windowSoftInputMode
		ADDED from src\main\AndroidManifest.xml:6:5-44
	android:versionCode
		ADDED from src\main\AndroidManifest.xml:4:5-28
		INJECTED from src\main\AndroidManifest.xml
		INJECTED from src\main\AndroidManifest.xml
	xmlns:android
		ADDED from src\main\AndroidManifest.xml:2:11-69
uses-sdk
ADDED from src\main\AndroidManifest.xml:8:5-10:41
MERGED from [com.facebook.fresco:fresco:0.7.0] AndroidManifest.xml:5:5-7:41
MERGED from [com.facebook.fresco:imagepipeline:0.7.0] AndroidManifest.xml:5:5-7:41
MERGED from [com.facebook.fresco:fbcore:0.7.0] AndroidManifest.xml:5:5-7:41
MERGED from [com.android.support:support-v4:24.0.0-beta1] AndroidManifest.xml:21:5-23:54
MERGED from [com.facebook.fresco:drawee:0.7.0] AndroidManifest.xml:5:5-7:41
MERGED from [com.github.amlcurran.showcaseview:library:5.4.3] AndroidManifest.xml:22:5-24:41
MERGED from [com.roughike:bottom-bar:2.0.2] AndroidManifest.xml:8:5-10:41
MERGED from [com.android.support:design:23.3.0] AndroidManifest.xml:20:5-43
MERGED from [com.android.support:appcompat-v7:24.0.0-beta1] AndroidManifest.xml:21:5-23:78
MERGED from [com.android.support:support-vector-drawable:24.0.0-beta1] AndroidManifest.xml:21:5-43
MERGED from [com.android.support:animated-vector-drawable:24.0.0-beta1] AndroidManifest.xml:20:5-44
MERGED from [com.android.support:recyclerview-v7:23.3.0] AndroidManifest.xml:20:5-43
	tools:overrideLibrary
		ADDED from [com.android.support:support-v4:24.0.0-beta1] AndroidManifest.xml:23:9-51
	android:targetSdkVersion
		ADDED from src\main\AndroidManifest.xml:10:9-38
		INJECTED from src\main\AndroidManifest.xml
		INJECTED from src\main\AndroidManifest.xml
	android:minSdkVersion
		ADDED from src\main\AndroidManifest.xml:9:9-35
		INJECTED from src\main\AndroidManifest.xml
		INJECTED from src\main\AndroidManifest.xml
uses-permission#android.permission.INTERNET
ADDED from src\main\AndroidManifest.xml:12:5-67
	android:name
		ADDED from src\main\AndroidManifest.xml:12:22-64
uses-permission#android.permission.ACCESS_FINE_LOCATION
ADDED from src\main\AndroidManifest.xml:13:5-79
	android:name
		ADDED from src\main\AndroidManifest.xml:13:22-76
uses-permission#android.permission.READ_EXTERNAL_STORAGE
ADDED from src\main\AndroidManifest.xml:14:5-80
	android:name
		ADDED from src\main\AndroidManifest.xml:14:22-77
uses-permission#android.permission.WRITE_EXTERNAL_STORAGE
ADDED from src\main\AndroidManifest.xml:15:5-81
	android:name
		ADDED from src\main\AndroidManifest.xml:15:22-78
application
ADDED from src\main\AndroidManifest.xml:18:5-91:19
MERGED from [com.android.support:support-v4:24.0.0-beta1] AndroidManifest.xml:25:5-20
MERGED from [com.android.support:design:23.3.0] AndroidManifest.xml:22:5-20
MERGED from [com.android.support:appcompat-v7:24.0.0-beta1] AndroidManifest.xml:25:5-20
MERGED from [com.android.support:support-vector-drawable:24.0.0-beta1] AndroidManifest.xml:23:5-20
MERGED from [com.android.support:animated-vector-drawable:24.0.0-beta1] AndroidManifest.xml:22:5-20
	android:label
		ADDED from src\main\AndroidManifest.xml:21:9-41
	android:allowBackup
		ADDED from src\main\AndroidManifest.xml:19:9-35
	android:icon
		ADDED from src\main\AndroidManifest.xml:20:9-45
	android:largeHeap
		ADDED from src\main\AndroidManifest.xml:22:9-33
	android:theme
		ADDED from src\main\AndroidManifest.xml:23:9-39
activity#com.dylan.blast.Blast_Login
ADDED from src\main\AndroidManifest.xml:24:9-29:20
	android:screenOrientation
		ADDED from src\main\AndroidManifest.xml:28:13-49
	android:label
		ADDED from src\main\AndroidManifest.xml:26:13-64
	android:theme
		ADDED from src\main\AndroidManifest.xml:27:13-46
	android:name
		ADDED from src\main\AndroidManifest.xml:25:13-55
activity#com.dylan.blast.Blast_Home
ADDED from src\main\AndroidManifest.xml:30:9-35:20
	android:screenOrientation
		ADDED from src\main\AndroidManifest.xml:33:13-49
	android:label
		ADDED from src\main\AndroidManifest.xml:32:13-63
	android:theme
		ADDED from src\main\AndroidManifest.xml:34:13-46
	android:name
		ADDED from src\main\AndroidManifest.xml:31:13-54
activity#com.dylan.blast.Edit_Song_For_Post
ADDED from src\main\AndroidManifest.xml:36:9-42:20
	android:screenOrientation
		ADDED from src\main\AndroidManifest.xml:40:13-49
	android:label
		ADDED from src\main\AndroidManifest.xml:38:13-73
	android:windowSoftInputMode
		ADDED from src\main\AndroidManifest.xml:41:13-52
	android:theme
		ADDED from src\main\AndroidManifest.xml:39:13-46
	android:name
		ADDED from src\main\AndroidManifest.xml:37:13-62
activity#com.dylan.blast.Register_User
ADDED from src\main\AndroidManifest.xml:43:9-48:20
	android:screenOrientation
		ADDED from src\main\AndroidManifest.xml:47:13-49
	android:label
		ADDED from src\main\AndroidManifest.xml:46:13-65
	android:theme
		ADDED from src\main\AndroidManifest.xml:45:13-44
	android:name
		ADDED from src\main\AndroidManifest.xml:44:13-57
activity#com.dylan.blast.PostActivity
ADDED from src\main\AndroidManifest.xml:49:9-55:20
	android:screenOrientation
		ADDED from src\main\AndroidManifest.xml:53:13-49
	android:label
		ADDED from src\main\AndroidManifest.xml:51:13-56
	android:windowSoftInputMode
		ADDED from src\main\AndroidManifest.xml:54:13-52
	android:theme
		ADDED from src\main\AndroidManifest.xml:52:13-46
	android:name
		ADDED from src\main\AndroidManifest.xml:50:13-56
activity#com.dylan.blast.User_Profile
ADDED from src\main\AndroidManifest.xml:56:9-61:20
	android:screenOrientation
		ADDED from src\main\AndroidManifest.xml:60:13-49
	android:label
		ADDED from src\main\AndroidManifest.xml:58:13-65
	android:theme
		ADDED from src\main\AndroidManifest.xml:59:13-46
	android:name
		ADDED from src\main\AndroidManifest.xml:57:13-56
activity#com.dylan.blast.Search_Users
ADDED from src\main\AndroidManifest.xml:62:9-67:20
	android:screenOrientation
		ADDED from src\main\AndroidManifest.xml:66:13-49
	android:label
		ADDED from src\main\AndroidManifest.xml:64:13-65
	android:theme
		ADDED from src\main\AndroidManifest.xml:65:13-46
	android:name
		ADDED from src\main\AndroidManifest.xml:63:13-56
activity#com.dylan.blast.Launcher_Activity
ADDED from src\main\AndroidManifest.xml:68:9-78:20
	android:screenOrientation
		ADDED from src\main\AndroidManifest.xml:72:13-49
	android:label
		ADDED from src\main\AndroidManifest.xml:70:13-61
	android:theme
		ADDED from src\main\AndroidManifest.xml:71:13-48
	android:name
		ADDED from src\main\AndroidManifest.xml:69:13-61
intent-filter#android.intent.action.MAIN+android.intent.category.LAUNCHER
ADDED from src\main\AndroidManifest.xml:73:13-77:29
action#android.intent.action.MAIN
ADDED from src\main\AndroidManifest.xml:74:17-69
	android:name
		ADDED from src\main\AndroidManifest.xml:74:25-66
category#android.intent.category.LAUNCHER
ADDED from src\main\AndroidManifest.xml:76:17-77
	android:name
		ADDED from src\main\AndroidManifest.xml:76:27-74
activity#com.dylan.blast.ProfileActivity
ADDED from src\main\AndroidManifest.xml:79:9-84:20
	android:screenOrientation
		ADDED from src\main\AndroidManifest.xml:81:13-49
	android:label
		ADDED from src\main\AndroidManifest.xml:83:13-59
	android:theme
		ADDED from src\main\AndroidManifest.xml:82:13-46
	android:name
		ADDED from src\main\AndroidManifest.xml:80:13-59
activity#com.dylan.blast.TrailingView
ADDED from src\main\AndroidManifest.xml:85:9-90:20
	android:screenOrientation
		ADDED from src\main\AndroidManifest.xml:88:13-49
	android:label
		ADDED from src\main\AndroidManifest.xml:89:13-65
	android:theme
		ADDED from src\main\AndroidManifest.xml:87:13-46
	android:name
		ADDED from src\main\AndroidManifest.xml:86:13-56